#
# There is insufficient memory for the Java Runtime Environment to continue.
# Native memory allocation (malloc) failed to allocate 2604640 bytes. Error detail: Chunk::new
# Possible reasons:
#   The system is out of physical RAM or swap space
#   This process is running with CompressedOops enabled, and the Java Heap may be blocking the growth of the native heap
# Possible solutions:
#   Reduce memory load on the system
#   Increase physical memory or swap space
#   Check if swap backing store is full
#   Decrease Java heap size (-Xmx/-Xms)
#   Decrease number of Java threads
#   Decrease Java thread stack sizes (-Xss)
#   Set larger code cache with -XX:ReservedCodeCacheSize=
#   JVM is running with Unscaled Compressed Oops mode in which the Java heap is
#     placed in the first 4GB address space. The Java Heap base address is the
#     maximum limit for the native heap growth. Please use -XX:HeapBaseMinAddress
#     to set the Java Heap base and to place the Java Heap above 4GB virtual address.
# This output file may be truncated or incomplete.
#
#  Out of Memory Error (arena.cpp:168), pid=17116, tid=31828
#
# JRE version: OpenJDK Runtime Environment Temurin-21.0.6+7 (21.0.6+7) (build 21.0.6+7-LTS)
# Java VM: OpenJDK 64-Bit Server VM Temurin-21.0.6+7 (21.0.6+7-LTS, mixed mode, sharing, tiered, compressed oops, compressed class ptrs, parallel gc, windows-amd64)
# No core dump will be written. Minidumps are not enabled by default on client versions of Windows
#

---------------  S U M M A R Y ------------

Command Line: --add-modules=ALL-SYSTEM --add-opens=java.base/java.util=ALL-UNNAMED --add-opens=java.base/java.lang=ALL-UNNAMED --add-opens=java.base/sun.nio.fs=ALL-UNNAMED -Declipse.application=org.eclipse.jdt.ls.core.id1 -Dosgi.bundles.defaultStartLevel=4 -Declipse.product=org.eclipse.jdt.ls.core.product -Djava.import.generatesMetadataFilesAtProjectRoot=false -DDetectVMInstallationsJob.disabled=true -Dfile.encoding=utf8 -XX:+UseParallelGC -XX:GCTimeRatio=4 -XX:AdaptiveSizePolicyWeight=90 -Dsun.zip.disableMemoryMapping=true -Xmx2G -Xms100m -Xlog:disable -javaagent:c:\Users\franc\.vscode\extensions\redhat.java-1.49.0\lombok\lombok-1.18.39-4050.jar -XX:+HeapDumpOnOutOfMemoryError -XX:HeapDumpPath=c:\Users\franc\AppData\Roaming\Code\User\workspaceStorage\96e3776c0f43b70e9391cc7f63dc91f6\redhat.java -Daether.dependencyCollector.impl=bf c:\Users\franc\.vscode\extensions\redhat.java-1.49.0\server\plugins\org.eclipse.equinox.launcher_1.7.100.v20251111-0406.jar -configuration c:\Users\franc\AppData\Roaming\Code\User\globalStorage\redhat.java\1.49.0\config_win -data c:\Users\franc\AppData\Roaming\Code\User\workspaceStorage\96e3776c0f43b70e9391cc7f63dc91f6\redhat.java\jdt_ws --pipe=\\.\pipe\lsp-f66e65f7470623e7dcf6fd5d3164fe50-sock

Host: 13th Gen Intel(R) Core(TM) i5-13450HX, 16 cores, 15G,  Windows 11 , 64 bit Build 26100 (10.0.26100.7019)
Time: Mon Nov 24 14:45:04 2025 Hora oficial do Brasil elapsed time: 18.142676 seconds (0d 0h 0m 18s)

---------------  T H R E A D  ---------------

Current thread (0x00000240fec0b220):  JavaThread "C2 CompilerThread1" daemon [_thread_in_native, id=31828, stack(0x000000688a700000,0x000000688a800000) (1024K)]


Current CompileTask:
C2:18142 14797       4       org.eclipse.jdt.internal.compiler.lookup.LookupEnvironment::createParameterizedType (44 bytes)

Stack: [0x000000688a700000,0x000000688a800000]
Native frames: (J=compiled Java code, j=interpreted, Vv=VM code, C=native code)
V  [jvm.dll+0x6cdee9]
V  [jvm.dll+0x8a83d1]
V  [jvm.dll+0x8aa8fe]
V  [jvm.dll+0x8aafe3]
V  [jvm.dll+0x27f706]
V  [jvm.dll+0xc500d]
V  [jvm.dll+0xc5543]
V  [jvm.dll+0x3b678c]
V  [jvm.dll+0x1e0009]
V  [jvm.dll+0x247b42]
V  [jvm.dll+0x246fcf]
V  [jvm.dll+0x1c75ee]
V  [jvm.dll+0x25685a]
V  [jvm.dll+0x254dfa]
V  [jvm.dll+0x3f0256]
V  [jvm.dll+0x851f8b]
V  [jvm.dll+0x6cc5ed]
C  [ucrtbase.dll+0x37b0]
C  [KERNEL32.DLL+0x2e8d7]
C  [ntdll.dll+0x8c53c]


---------------  P R O C E S S  ---------------

Threads class SMR info:
_java_thread_list=0x00000240d852ce40, length=69, elements={
0x00000240f055e530, 0x00000240feaa8360, 0x00000240feaaa220, 0x00000240feaac720,
0x00000240feaad6d0, 0x00000240feab0630, 0x00000240feab1080, 0x00000240feab3e10,
0x00000240feacd610, 0x00000240febb3f10, 0x00000240febb6fe0, 0x00000240febb7680,
0x00000240fec0b220, 0x00000240fedbe850, 0x00000240fee30d10, 0x00000240d50a0d30,
0x00000240d53c6910, 0x00000240d54c1df0, 0x00000240d54c7ad0, 0x00000240d56f0f40,
0x00000240d569ccc0, 0x00000240d57e8820, 0x00000240d587a6f0, 0x00000240d5ab1130,
0x00000240d5ab3f20, 0x00000240d5755750, 0x00000240d55ad5b0, 0x00000240d55adc50,
0x00000240d5ab0aa0, 0x00000240d5ab1e50, 0x00000240d5ab17c0, 0x00000240d5ab24e0,
0x00000240d5ab2b70, 0x00000240d5ab3200, 0x00000240d5ab3890, 0x00000240d9b89170,
0x00000240d9b88ae0, 0x00000240d9b87dc0, 0x00000240d9b89800, 0x00000240d9b89e90,
0x00000240d9b8a520, 0x00000240d9b8abb0, 0x00000240d9b8b240, 0x00000240d9b8b8d0,
0x00000240d9b88450, 0x00000240d9b8e030, 0x00000240d9b8cc80, 0x00000240d9b8e6c0,
0x00000240d9b8d9a0, 0x00000240d9b8c5f0, 0x00000240d9b8ed50, 0x00000240d9b8f3e0,
0x00000240d9b8bf60, 0x00000240d778b100, 0x00000240d778b790, 0x00000240d778be20,
0x00000240d7789d50, 0x00000240d778a3e0, 0x00000240d77896c0, 0x00000240d778c4b0,
0x00000240d778cb40, 0x00000240d778d1d0, 0x00000240d778d860, 0x00000240d778aa70,
0x00000240d7790650, 0x00000240d7790ce0, 0x00000240d778ffc0, 0x00000240d04ffa90,
0x00000240d05007b0
}

Java Threads: ( => current thread )
  0x00000240f055e530 JavaThread "main"                              [_thread_blocked, id=29532, stack(0x0000006889800000,0x0000006889900000) (1024K)]
  0x00000240feaa8360 JavaThread "Reference Handler"          daemon [_thread_blocked, id=34276, stack(0x0000006889c00000,0x0000006889d00000) (1024K)]
  0x00000240feaaa220 JavaThread "Finalizer"                  daemon [_thread_blocked, id=30472, stack(0x0000006889d00000,0x0000006889e00000) (1024K)]
  0x00000240feaac720 JavaThread "Signal Dispatcher"          daemon [_thread_blocked, id=14780, stack(0x0000006889e00000,0x0000006889f00000) (1024K)]
  0x00000240feaad6d0 JavaThread "Attach Listener"            daemon [_thread_blocked, id=23284, stack(0x0000006889f00000,0x000000688a000000) (1024K)]
  0x00000240feab0630 JavaThread "Service Thread"             daemon [_thread_blocked, id=30836, stack(0x000000688a000000,0x000000688a100000) (1024K)]
  0x00000240feab1080 JavaThread "Monitor Deflation Thread"   daemon [_thread_blocked, id=31372, stack(0x000000688a100000,0x000000688a200000) (1024K)]
  0x00000240feab3e10 JavaThread "C2 CompilerThread0"         daemon [_thread_blocked, id=11860, stack(0x000000688a200000,0x000000688a300000) (1024K)]
  0x00000240feacd610 JavaThread "C1 CompilerThread0"         daemon [_thread_blocked, id=21808, stack(0x000000688a300000,0x000000688a400000) (1024K)]
  0x00000240febb3f10 JavaThread "Common-Cleaner"             daemon [_thread_blocked, id=15460, stack(0x000000688a400000,0x000000688a500000) (1024K)]
  0x00000240febb6fe0 JavaThread "C1 CompilerThread1"         daemon [_thread_blocked, id=24520, stack(0x000000688a500000,0x000000688a600000) (1024K)]
  0x00000240febb7680 JavaThread "C1 CompilerThread2"         daemon [_thread_blocked, id=7592, stack(0x000000688a600000,0x000000688a700000) (1024K)]
=>0x00000240fec0b220 JavaThread "C2 CompilerThread1"         daemon [_thread_in_native, id=31828, stack(0x000000688a700000,0x000000688a800000) (1024K)]
  0x00000240fedbe850 JavaThread "C1 CompilerThread3"         daemon [_thread_blocked, id=29024, stack(0x000000688a800000,0x000000688a900000) (1024K)]
  0x00000240fee30d10 JavaThread "Notification Thread"        daemon [_thread_blocked, id=33784, stack(0x000000688a900000,0x000000688aa00000) (1024K)]
  0x00000240d50a0d30 JavaThread "Active Thread: Equinox Container: 813ea211-2329-4f2b-9c76-1b0d5ca82f60"        [_thread_blocked, id=13884, stack(0x000000688b300000,0x000000688b400000) (1024K)]
  0x00000240d53c6910 JavaThread "Refresh Thread: Equinox Container: 813ea211-2329-4f2b-9c76-1b0d5ca82f60" daemon [_thread_blocked, id=22372, stack(0x000000688b500000,0x000000688b600000) (1024K)]
  0x00000240d54c1df0 JavaThread "Framework Event Dispatcher: Equinox Container: 813ea211-2329-4f2b-9c76-1b0d5ca82f60" daemon [_thread_blocked, id=14088, stack(0x000000688b600000,0x000000688b700000) (1024K)]
  0x00000240d54c7ad0 JavaThread "Start Level: Equinox Container: 813ea211-2329-4f2b-9c76-1b0d5ca82f60" daemon [_thread_blocked, id=2264, stack(0x000000688b700000,0x000000688b800000) (1024K)]
  0x00000240d56f0f40 JavaThread "Bundle File Closer"         daemon [_thread_blocked, id=10768, stack(0x000000688bb00000,0x000000688bc00000) (1024K)]
  0x00000240d569ccc0 JavaThread "SCR Component Actor"        daemon [_thread_blocked, id=7028, stack(0x000000688b100000,0x000000688b200000) (1024K)]
  0x00000240d57e8820 JavaThread "Worker-JM"                         [_thread_blocked, id=14768, stack(0x000000688bc00000,0x000000688bd00000) (1024K)]
  0x00000240d587a6f0 JavaThread "JNA Cleaner"                daemon [_thread_blocked, id=20732, stack(0x000000688bd00000,0x000000688be00000) (1024K)]
  0x00000240d5ab1130 JavaThread "Worker-0"                          [_thread_blocked, id=20456, stack(0x000000688be00000,0x000000688bf00000) (1024K)]
  0x00000240d5ab3f20 JavaThread "Worker-1: Initialize workspace"        [_thread_blocked, id=27672, stack(0x000000688bf00000,0x000000688c000000) (1024K)]
  0x00000240d5755750 JavaThread "C2 CompilerThread2"         daemon [_thread_blocked, id=10232, stack(0x000000688c000000,0x000000688c100000) (1024K)]
  0x00000240d55ad5b0 JavaThread "C2 CompilerThread3"         daemon [_thread_blocked, id=32036, stack(0x000000688c100000,0x000000688c200000) (1024K)]
  0x00000240d55adc50 JavaThread "C2 CompilerThread4"         daemon [_thread_blocked, id=22664, stack(0x000000688c200000,0x000000688c300000) (1024K)]
  0x00000240d5ab0aa0 JavaThread "Java indexing"              daemon [_thread_blocked, id=35508, stack(0x000000688c300000,0x000000688c400000) (1024K)]
  0x00000240d5ab1e50 JavaThread "Worker-2"                          [_thread_blocked, id=8944, stack(0x000000688c700000,0x000000688c800000) (1024K)]
  0x00000240d5ab17c0 JavaThread "Worker-3"                          [_thread_blocked, id=13940, stack(0x000000688c800000,0x000000688c900000) (1024K)]
  0x00000240d5ab24e0 JavaThread "Thread-1"                   daemon [_thread_in_native, id=4380, stack(0x000000688c900000,0x000000688ca00000) (1024K)]
  0x00000240d5ab2b70 JavaThread "Thread-2"                   daemon [_thread_in_native, id=22352, stack(0x000000688ca00000,0x000000688cb00000) (1024K)]
  0x00000240d5ab3200 JavaThread "Thread-3"                   daemon [_thread_in_native, id=4868, stack(0x000000688cb00000,0x000000688cc00000) (1024K)]
  0x00000240d5ab3890 JavaThread "Thread-4"                   daemon [_thread_in_native, id=8032, stack(0x000000688cc00000,0x000000688cd00000) (1024K)]
  0x00000240d9b89170 JavaThread "Thread-5"                   daemon [_thread_in_native, id=21328, stack(0x000000688cd00000,0x000000688ce00000) (1024K)]
  0x00000240d9b88ae0 JavaThread "Thread-6"                   daemon [_thread_in_native, id=14420, stack(0x000000688ce00000,0x000000688cf00000) (1024K)]
  0x00000240d9b87dc0 JavaThread "Thread-7"                   daemon [_thread_in_native, id=25916, stack(0x000000688cf00000,0x000000688d000000) (1024K)]
  0x00000240d9b89800 JavaThread "Thread-8"                   daemon [_thread_in_native, id=22752, stack(0x000000688d000000,0x000000688d100000) (1024K)]
  0x00000240d9b89e90 JavaThread "Thread-9"                   daemon [_thread_in_native, id=11508, stack(0x000000688d100000,0x000000688d200000) (1024K)]
  0x00000240d9b8a520 JavaThread "Thread-10"                  daemon [_thread_in_native, id=35092, stack(0x000000688d200000,0x000000688d300000) (1024K)]
  0x00000240d9b8abb0 JavaThread "Thread-11"                  daemon [_thread_in_native, id=36144, stack(0x000000688d300000,0x000000688d400000) (1024K)]
  0x00000240d9b8b240 JavaThread "Thread-12"                  daemon [_thread_in_native, id=28616, stack(0x000000688d400000,0x000000688d500000) (1024K)]
  0x00000240d9b8b8d0 JavaThread "Thread-13"                  daemon [_thread_in_native, id=15928, stack(0x000000688d500000,0x000000688d600000) (1024K)]
  0x00000240d9b88450 JavaThread "Thread-14"                  daemon [_thread_in_native, id=21912, stack(0x000000688d600000,0x000000688d700000) (1024K)]
  0x00000240d9b8e030 JavaThread "Thread-15"                  daemon [_thread_in_native, id=36184, stack(0x000000688d700000,0x000000688d800000) (1024K)]
  0x00000240d9b8cc80 JavaThread "Thread-16"                  daemon [_thread_in_native, id=22692, stack(0x000000688d800000,0x000000688d900000) (1024K)]
  0x00000240d9b8e6c0 JavaThread "Thread-17"                  daemon [_thread_in_native, id=30768, stack(0x000000688d900000,0x000000688da00000) (1024K)]
  0x00000240d9b8d9a0 JavaThread "pool-2-thread-1"                   [_thread_blocked, id=2916, stack(0x000000688da00000,0x000000688db00000) (1024K)]
  0x00000240d9b8c5f0 JavaThread "WorkspaceEventsHandler"            [_thread_blocked, id=34564, stack(0x000000688db00000,0x000000688dc00000) (1024K)]
  0x00000240d9b8ed50 JavaThread "pool-1-thread-1"                   [_thread_blocked, id=33164, stack(0x000000688dc00000,0x000000688dd00000) (1024K)]
  0x00000240d9b8f3e0 JavaThread "ForkJoinPool.commonPool-worker-1" daemon [_thread_blocked, id=35860, stack(0x000000688dd00000,0x000000688de00000) (1024K)]
  0x00000240d9b8bf60 JavaThread "ForkJoinPool.commonPool-worker-2" daemon [_thread_blocked, id=16640, stack(0x000000688de00000,0x000000688df00000) (1024K)]
  0x00000240d778b100 JavaThread "ForkJoinPool.commonPool-worker-3" daemon [_thread_blocked, id=21352, stack(0x000000688df00000,0x000000688e000000) (1024K)]
  0x00000240d778b790 JavaThread "ForkJoinPool.commonPool-worker-4" daemon [_thread_blocked, id=28832, stack(0x000000688e000000,0x000000688e100000) (1024K)]
  0x00000240d778be20 JavaThread "ForkJoinPool.commonPool-worker-6" daemon [_thread_blocked, id=27856, stack(0x000000688e100000,0x000000688e200000) (1024K)]
  0x00000240d7789d50 JavaThread "ForkJoinPool.commonPool-worker-5" daemon [_thread_blocked, id=2848, stack(0x000000688e200000,0x000000688e300000) (1024K)]
  0x00000240d778a3e0 JavaThread "ForkJoinPool.commonPool-worker-7" daemon [_thread_blocked, id=18576, stack(0x000000688e300000,0x000000688e400000) (1024K)]
  0x00000240d77896c0 JavaThread "ForkJoinPool.commonPool-worker-9" daemon [_thread_blocked, id=18368, stack(0x000000688e400000,0x000000688e500000) (1024K)]
  0x00000240d778c4b0 JavaThread "ForkJoinPool.commonPool-worker-8" daemon [_thread_blocked, id=4964, stack(0x000000688e500000,0x000000688e600000) (1024K)]
  0x00000240d778cb40 JavaThread "ForkJoinPool.commonPool-worker-10" daemon [_thread_blocked, id=13652, stack(0x000000688e600000,0x000000688e700000) (1024K)]
  0x00000240d778d1d0 JavaThread "ForkJoinPool.commonPool-worker-11" daemon [_thread_blocked, id=33480, stack(0x000000688e700000,0x000000688e800000) (1024K)]
  0x00000240d778d860 JavaThread "ForkJoinPool.commonPool-worker-12" daemon [_thread_blocked, id=16500, stack(0x000000688e800000,0x000000688e900000) (1024K)]
  0x00000240d778aa70 JavaThread "ForkJoinPool.commonPool-worker-13" daemon [_thread_blocked, id=18768, stack(0x000000688e900000,0x000000688ea00000) (1024K)]
  0x00000240d7790650 JavaThread "ForkJoinPool.commonPool-worker-14" daemon [_thread_blocked, id=6352, stack(0x000000688ea00000,0x000000688eb00000) (1024K)]
  0x00000240d7790ce0 JavaThread "ForkJoinPool.commonPool-worker-15" daemon [_thread_blocked, id=16076, stack(0x000000688eb00000,0x000000688ec00000) (1024K)]
  0x00000240d778ffc0 JavaThread "Worker-4"                          [_thread_blocked, id=17988, stack(0x000000688ed00000,0x000000688ee00000) (1024K)]
  0x00000240d04ffa90 JavaThread "Worker-5"                          [_thread_blocked, id=20780, stack(0x000000688ec00000,0x000000688ed00000) (1024K)]
  0x00000240d05007b0 JavaThread "Worker-6"                          [_thread_blocked, id=31140, stack(0x000000688ee00000,0x000000688ef00000) (1024K)]
Total: 69

Other Threads:
  0x00000240fd4d25e0 VMThread "VM Thread"                           [id=20112, stack(0x0000006889b00000,0x0000006889c00000) (1024K)]
  0x00000240fd3cca00 WatcherThread "VM Periodic Task Thread"        [id=26952, stack(0x0000006889a00000,0x0000006889b00000) (1024K)]
  0x00000240f057bc00 WorkerThread "GC Thread#0"                     [id=32100, stack(0x0000006889900000,0x0000006889a00000) (1024K)]
  0x00000240d06aa140 WorkerThread "GC Thread#1"                     [id=13960, stack(0x000000688ab00000,0x000000688ac00000) (1024K)]
  0x00000240d06aa4e0 WorkerThread "GC Thread#2"                     [id=19548, stack(0x000000688ac00000,0x000000688ad00000) (1024K)]
  0x00000240d0a2b990 WorkerThread "GC Thread#3"                     [id=23720, stack(0x000000688ad00000,0x000000688ae00000) (1024K)]
  0x00000240d0a2bd30 WorkerThread "GC Thread#4"                     [id=23364, stack(0x000000688ae00000,0x000000688af00000) (1024K)]
  0x00000240d0a2c0d0 WorkerThread "GC Thread#5"                     [id=31216, stack(0x000000688af00000,0x000000688b000000) (1024K)]
  0x00000240d0a2c470 WorkerThread "GC Thread#6"                     [id=31412, stack(0x000000688b000000,0x000000688b100000) (1024K)]
  0x00000240d5202390 WorkerThread "GC Thread#7"                     [id=24184, stack(0x000000688b400000,0x000000688b500000) (1024K)]
  0x00000240d5632b70 WorkerThread "GC Thread#8"                     [id=6720, stack(0x000000688b800000,0x000000688b900000) (1024K)]
  0x00000240d55fbff0 WorkerThread "GC Thread#9"                     [id=24364, stack(0x000000688b900000,0x000000688ba00000) (1024K)]
  0x00000240d55fc730 WorkerThread "GC Thread#10"                    [id=16264, stack(0x000000688ba00000,0x000000688bb00000) (1024K)]
  0x00000240d55fc390 WorkerThread "GC Thread#11"                    [id=6584, stack(0x000000688b200000,0x000000688b300000) (1024K)]
  0x00000240d55fcad0 WorkerThread "GC Thread#12"                    [id=13112, stack(0x000000688aa00000,0x000000688ab00000) (1024K)]
Total: 15

Threads with active compile tasks:
C2 CompilerThread0  18160 15337       4       org.eclipse.jdt.internal.compiler.lookup.AnnotatableTypeSystem::getParameterizedType (123 bytes)
C2 CompilerThread1  18160 14797       4       org.eclipse.jdt.internal.compiler.lookup.LookupEnvironment::createParameterizedType (44 bytes)
C2 CompilerThread2  18160 15387       4       org.codehaus.plexus.util.xml.Xpp3DomBuilder::build (413 bytes)
C2 CompilerThread3  18160 15339       4       org.eclipse.jdt.internal.compiler.lookup.LookupEnvironment::getTypeArgumentsFromSignature (86 bytes)
C2 CompilerThread4  18160 15375       4       org.apache.maven.model.io.xpp3.MavenXpp3Reader::parseModel (1606 bytes)
Total: 5

VM state: at safepoint (normal execution)

VM Mutex/Monitor currently owned by a thread:  ([mutex/lock_event])
[0x00007ffb26a5e380] Threads_lock - owner thread: 0x00000240fd4d25e0
[0x00007ffb26a5e480] Heap_lock - owner thread: 0x00000240d5ab3f20
[0x00007ffb26a5e900] PSOldGenExpand_lock - owner thread: 0x00000240d0a2bd30

Heap address: 0x0000000080000000, size: 2048 MB, Compressed Oops mode: 32-bit

CDS archive(s) mapped at: [0x000002408f000000-0x000002408fc80000-0x000002408fc80000), size 13107200, SharedBaseAddress: 0x000002408f000000, ArchiveRelocationMode: 1.
Compressed class space mapped at: 0x0000024090000000-0x00000240d0000000, reserved size: 1073741824
Narrow klass base: 0x000002408f000000, Narrow klass shift: 0, Narrow klass range: 0x100000000

GC Precious Log:
 CardTable entry size: 512
 CPUs: 16 total, 16 available
 Memory: 16068M
 Large Page Support: Disabled
 NUMA Support: Disabled
 Compressed Oops: Enabled (32-bit)
 Alignments: Space 512K, Generation 512K, Heap 2M
 Heap Min Capacity: 100M
 Heap Initial Capacity: 100M
 Heap Max Capacity: 2G
 Pre-touch: Disabled
 Parallel Workers: 13

Heap:
 PSYoungGen      total 3584K, used 2942K [0x00000000d5580000, 0x00000000d5a00000, 0x0000000100000000)
  eden space 2560K, 99% used [0x00000000d5580000,0x00000000d57ff9c0,0x00000000d5800000)
  from space 1024K, 37% used [0x00000000d5800000,0x00000000d5860000,0x00000000d5900000)
  to   space 1024K, 25% used [0x00000000d5900000,0x00000000d5940000,0x00000000d5a00000)
 ParOldGen       total 342016K, used 342010K [0x0000000080000000, 0x0000000094e00000, 0x00000000d5580000)
  object space 342016K, 99% used [0x0000000080000000,0x0000000094dfea38,0x0000000094e00000)
 Metaspace       used 67096K, committed 68736K, reserved 1114112K
  class space    used 6853K, committed 7552K, reserved 1048576K

Card table byte_map: [0x00000240eff00000,0x00000240f0310000] _byte_map_base: 0x00000240efb00000

Marking Bits: (ParMarkBitMap*) 0x00007ffb26a63260
 Begin Bits: [0x00000240f8ef0000, 0x00000240faef0000)
 End Bits:   [0x00000240faef0000, 0x00000240fcef0000)

Polling page: 0x00000240ee3d0000

Metaspace:

Usage:
  Non-class:     58.83 MB used.
      Class:      6.69 MB used.
       Both:     65.52 MB used.

Virtual space:
  Non-class space:       64.00 MB reserved,      59.75 MB ( 93%) committed,  1 nodes.
      Class space:        1.00 GB reserved,       7.38 MB ( <1%) committed,  1 nodes.
             Both:        1.06 GB reserved,      67.12 MB (  6%) committed. 

Chunk freelists:
   Non-Class:  4.08 MB
       Class:  8.64 MB
        Both:  12.72 MB

MaxMetaspaceSize: unlimited
CompressedClassSpaceSize: 1.00 GB
Initial GC threshold: 21.00 MB
Current GC threshold: 97.31 MB
CDS: on
 - commit_granule_bytes: 65536.
 - commit_granule_words: 8192.
 - virtual_space_node_default_size: 8388608.
 - enlarge_chunks_in_place: 1.
 - use_allocation_guard: 0.


Internal statistics:

num_allocs_failed_limit: 9.
num_arena_births: 1344.
num_arena_deaths: 22.
num_vsnodes_births: 2.
num_vsnodes_deaths: 0.
num_space_committed: 1074.
num_space_uncommitted: 0.
num_chunks_returned_to_freelist: 35.
num_chunks_taken_from_freelist: 4605.
num_chunk_merges: 14.
num_chunk_splits: 2811.
num_chunks_enlarged: 1524.
num_inconsistent_stats: 0.

CodeHeap 'non-profiled nmethods': size=119168Kb used=13486Kb max_used=13486Kb free=105681Kb
 bounds [0x0000024087ba0000, 0x00000240888d0000, 0x000002408f000000]
CodeHeap 'profiled nmethods': size=119104Kb used=35502Kb max_used=35502Kb free=83602Kb
 bounds [0x0000024080000000, 0x00000240822b0000, 0x0000024087450000]
CodeHeap 'non-nmethods': size=7488Kb used=3132Kb max_used=3235Kb free=4355Kb
 bounds [0x0000024087450000, 0x0000024087790000, 0x0000024087ba0000]
 total_blobs=15253 nmethods=14499 adapters=655
 compilation: enabled
              stopped_count=0, restarted_count=0
 full_count=0

Compilation events (20 events):
Event: 17.070 Thread 0x00000240fedbe850 15395       3       org.eclipse.aether.artifact.DefaultArtifact::mergeArtifactProperties (72 bytes)
Event: 17.070 Thread 0x00000240d55adc50 nmethod 15386% 0x00000240888c8910 code [0x00000240888c8b40, 0x00000240888c92b0]
Event: 17.071 Thread 0x00000240fedbe850 nmethod 15395 0x00000240822a3d10 code [0x00000240822a3f60, 0x00000240822a4a78]
Event: 17.071 Thread 0x00000240d55adc50 15390   !   4       java.lang.StringLatin1::replace (291 bytes)
Event: 17.071 Thread 0x00000240febb7680 15396       2       java.util.WeakHashMap::put (160 bytes)
Event: 17.071 Thread 0x00000240feacd610 15397       3       org.apache.maven.model.Site::<init> (5 bytes)
Event: 17.071 Thread 0x00000240feacd610 nmethod 15397 0x00000240822a4d90 code [0x00000240822a4f40, 0x00000240822a50a8]
Event: 17.073 Thread 0x00000240febb7680 nmethod 15396 0x00000240822a5190 code [0x00000240822a53a0, 0x00000240822a5938]
Event: 17.074 Thread 0x00000240febb7680 15398       3       org.apache.maven.model.interpolation.StringVisitorModelInterpolator$ModelVisitor::visit (231 bytes)
Event: 17.075 Thread 0x00000240febb7680 nmethod 15398 0x00000240822a5c90 code [0x00000240822a6000, 0x00000240822a75f0]
Event: 17.098 Thread 0x00000240d55adc50 nmethod 15390 0x00000240888c9910 code [0x00000240888c9b00, 0x00000240888ca960]
Event: 17.098 Thread 0x00000240d55adc50 15372   !   4       org.eclipse.aether.util.ConfigUtils::getLong (79 bytes)
Event: 17.101 Thread 0x00000240febb7680 15399   !   3       org.apache.maven.model.CiManagement::clone (137 bytes)
Event: 17.103 Thread 0x00000240febb7680 nmethod 15399 0x00000240822a7e10 code [0x00000240822a8160, 0x00000240822a9598]
Event: 17.110 Thread 0x00000240d55adc50 nmethod 15372 0x00000240888cae90 code [0x00000240888cb060, 0x00000240888cb600]
Event: 17.110 Thread 0x00000240d55adc50 15375       4       org.apache.maven.model.io.xpp3.MavenXpp3Reader::parseModel (1606 bytes)
Event: 17.126 Thread 0x00000240feacd610 15402       2       org.apache.maven.model.merge.MavenModelMerger::mergePlugin_Executions (235 bytes)
Event: 17.127 Thread 0x00000240febb7680 15403       3       java.util.concurrent.locks.AbstractQueuedSynchronizer$ConditionNode::isReleasable (23 bytes)
Event: 17.127 Thread 0x00000240febb7680 nmethod 15403 0x00000240822a9e90 code [0x00000240822aa040, 0x00000240822aa290]
Event: 17.127 Thread 0x00000240feacd610 nmethod 15402 0x00000240822aa390 code [0x00000240822aa6a0, 0x00000240822ab0a0]

GC Heap History (20 events):
Event: 17.037 GC heap after
{Heap after GC invocations=557 (full 3):
 PSYoungGen      total 3072K, used 512K [0x00000000d5580000, 0x00000000d5a00000, 0x0000000100000000)
  eden space 2560K, 0% used [0x00000000d5580000,0x00000000d5580000,0x00000000d5800000)
  from space 512K, 100% used [0x00000000d5900000,0x00000000d5980000,0x00000000d5980000)
  to   space 1024K, 0% used [0x00000000d5800000,0x00000000d5800000,0x00000000d5900000)
 ParOldGen       total 339456K, used 339118K [0x0000000080000000, 0x0000000094b80000, 0x00000000d5580000)
  object space 339456K, 99% used [0x0000000080000000,0x0000000094b2b9e8,0x0000000094b80000)
 Metaspace       used 67093K, committed 68736K, reserved 1114112K
  class space    used 6853K, committed 7552K, reserved 1048576K
}
Event: 17.043 GC heap before
{Heap before GC invocations=558 (full 3):
 PSYoungGen      total 3072K, used 3071K [0x00000000d5580000, 0x00000000d5a00000, 0x0000000100000000)
  eden space 2560K, 99% used [0x00000000d5580000,0x00000000d57fffd0,0x00000000d5800000)
  from space 512K, 100% used [0x00000000d5900000,0x00000000d5980000,0x00000000d5980000)
  to   space 1024K, 0% used [0x00000000d5800000,0x00000000d5800000,0x00000000d5900000)
 ParOldGen       total 339456K, used 339118K [0x0000000080000000, 0x0000000094b80000, 0x00000000d5580000)
  object space 339456K, 99% used [0x0000000080000000,0x0000000094b2b9e8,0x0000000094b80000)
 Metaspace       used 67093K, committed 68736K, reserved 1114112K
  class space    used 6853K, committed 7552K, reserved 1048576K
}
Event: 17.044 GC heap after
{Heap after GC invocations=558 (full 3):
 PSYoungGen      total 3584K, used 640K [0x00000000d5580000, 0x00000000d5a00000, 0x0000000100000000)
  eden space 2560K, 0% used [0x00000000d5580000,0x00000000d5580000,0x00000000d5800000)
  from space 1024K, 62% used [0x00000000d5800000,0x00000000d58a0000,0x00000000d5900000)
  to   space 1024K, 0% used [0x00000000d5900000,0x00000000d5900000,0x00000000d5a00000)
 ParOldGen       total 339456K, used 339446K [0x0000000080000000, 0x0000000094b80000, 0x00000000d5580000)
  object space 339456K, 99% used [0x0000000080000000,0x0000000094b7da08,0x0000000094b80000)
 Metaspace       used 67093K, committed 68736K, reserved 1114112K
  class space    used 6853K, committed 7552K, reserved 1048576K
}
Event: 17.051 GC heap before
{Heap before GC invocations=559 (full 3):
 PSYoungGen      total 3584K, used 3200K [0x00000000d5580000, 0x00000000d5a00000, 0x0000000100000000)
  eden space 2560K, 100% used [0x00000000d5580000,0x00000000d5800000,0x00000000d5800000)
  from space 1024K, 62% used [0x00000000d5800000,0x00000000d58a0000,0x00000000d5900000)
  to   space 1024K, 0% used [0x00000000d5900000,0x00000000d5900000,0x00000000d5a00000)
 ParOldGen       total 339456K, used 339446K [0x0000000080000000, 0x0000000094b80000, 0x00000000d5580000)
  object space 339456K, 99% used [0x0000000080000000,0x0000000094b7da08,0x0000000094b80000)
 Metaspace       used 67094K, committed 68736K, reserved 1114112K
  class space    used 6853K, committed 7552K, reserved 1048576K
}
Event: 17.052 GC heap after
{Heap after GC invocations=559 (full 3):
 PSYoungGen      total 3584K, used 704K [0x00000000d5580000, 0x00000000d5a00000, 0x0000000100000000)
  eden space 2560K, 0% used [0x00000000d5580000,0x00000000d5580000,0x00000000d5800000)
  from space 1024K, 68% used [0x00000000d5900000,0x00000000d59b0000,0x00000000d5a00000)
  to   space 1024K, 0% used [0x00000000d5800000,0x00000000d5800000,0x00000000d5900000)
 ParOldGen       total 339968K, used 339902K [0x0000000080000000, 0x0000000094c00000, 0x00000000d5580000)
  object space 339968K, 99% used [0x0000000080000000,0x0000000094befa08,0x0000000094c00000)
 Metaspace       used 67094K, committed 68736K, reserved 1114112K
  class space    used 6853K, committed 7552K, reserved 1048576K
}
Event: 17.057 GC heap before
{Heap before GC invocations=560 (full 3):
 PSYoungGen      total 3584K, used 3264K [0x00000000d5580000, 0x00000000d5a00000, 0x0000000100000000)
  eden space 2560K, 100% used [0x00000000d5580000,0x00000000d5800000,0x00000000d5800000)
  from space 1024K, 68% used [0x00000000d5900000,0x00000000d59b0000,0x00000000d5a00000)
  to   space 1024K, 0% used [0x00000000d5800000,0x00000000d5800000,0x00000000d5900000)
 ParOldGen       total 339968K, used 339902K [0x0000000080000000, 0x0000000094c00000, 0x00000000d5580000)
  object space 339968K, 99% used [0x0000000080000000,0x0000000094befa08,0x0000000094c00000)
 Metaspace       used 67094K, committed 68736K, reserved 1114112K
  class space    used 6853K, committed 7552K, reserved 1048576K
}
Event: 17.059 GC heap after
{Heap after GC invocations=560 (full 3):
 PSYoungGen      total 3584K, used 800K [0x00000000d5580000, 0x00000000d5a00000, 0x0000000100000000)
  eden space 2560K, 0% used [0x00000000d5580000,0x00000000d5580000,0x00000000d5800000)
  from space 1024K, 78% used [0x00000000d5800000,0x00000000d58c8000,0x00000000d5900000)
  to   space 1024K, 0% used [0x00000000d5900000,0x00000000d5900000,0x00000000d5a00000)
 ParOldGen       total 340480K, used 340330K [0x0000000080000000, 0x0000000094c80000, 0x00000000d5580000)
  object space 340480K, 99% used [0x0000000080000000,0x0000000094c5aa38,0x0000000094c80000)
 Metaspace       used 67094K, committed 68736K, reserved 1114112K
  class space    used 6853K, committed 7552K, reserved 1048576K
}
Event: 17.065 GC heap before
{Heap before GC invocations=561 (full 3):
 PSYoungGen      total 3584K, used 3360K [0x00000000d5580000, 0x00000000d5a00000, 0x0000000100000000)
  eden space 2560K, 100% used [0x00000000d5580000,0x00000000d5800000,0x00000000d5800000)
  from space 1024K, 78% used [0x00000000d5800000,0x00000000d58c8000,0x00000000d5900000)
  to   space 1024K, 0% used [0x00000000d5900000,0x00000000d5900000,0x00000000d5a00000)
 ParOldGen       total 340480K, used 340330K [0x0000000080000000, 0x0000000094c80000, 0x00000000d5580000)
  object space 340480K, 99% used [0x0000000080000000,0x0000000094c5aa38,0x0000000094c80000)
 Metaspace       used 67094K, committed 68736K, reserved 1114112K
  class space    used 6853K, committed 7552K, reserved 1048576K
}
Event: 17.066 GC heap after
{Heap after GC invocations=561 (full 3):
 PSYoungGen      total 3584K, used 608K [0x00000000d5580000, 0x00000000d5a00000, 0x0000000100000000)
  eden space 2560K, 0% used [0x00000000d5580000,0x00000000d5580000,0x00000000d5800000)
  from space 1024K, 59% used [0x00000000d5900000,0x00000000d5998000,0x00000000d5a00000)
  to   space 1024K, 0% used [0x00000000d5800000,0x00000000d5800000,0x00000000d5900000)
 ParOldGen       total 340992K, used 340922K [0x0000000080000000, 0x0000000094d00000, 0x00000000d5580000)
  object space 340992K, 99% used [0x0000000080000000,0x0000000094ceea38,0x0000000094d00000)
 Metaspace       used 67094K, committed 68736K, reserved 1114112K
  class space    used 6853K, committed 7552K, reserved 1048576K
}
Event: 17.071 GC heap before
{Heap before GC invocations=562 (full 3):
 PSYoungGen      total 3584K, used 3167K [0x00000000d5580000, 0x00000000d5a00000, 0x0000000100000000)
  eden space 2560K, 99% used [0x00000000d5580000,0x00000000d57ffff0,0x00000000d5800000)
  from space 1024K, 59% used [0x00000000d5900000,0x00000000d5998000,0x00000000d5a00000)
  to   space 1024K, 0% used [0x00000000d5800000,0x00000000d5800000,0x00000000d5900000)
 ParOldGen       total 340992K, used 340922K [0x0000000080000000, 0x0000000094d00000, 0x00000000d5580000)
  object space 340992K, 99% used [0x0000000080000000,0x0000000094ceea38,0x0000000094d00000)
 Metaspace       used 67094K, committed 68736K, reserved 1114112K
  class space    used 6853K, committed 7552K, reserved 1048576K
}
Event: 17.072 GC heap after
{Heap after GC invocations=562 (full 3):
 PSYoungGen      total 3584K, used 640K [0x00000000d5580000, 0x00000000d5a00000, 0x0000000100000000)
  eden space 2560K, 0% used [0x00000000d5580000,0x00000000d5580000,0x00000000d5800000)
  from space 1024K, 62% used [0x00000000d5800000,0x00000000d58a0000,0x00000000d5900000)
  to   space 1024K, 0% used [0x00000000d5900000,0x00000000d5900000,0x00000000d5a00000)
 ParOldGen       total 341504K, used 341242K [0x0000000080000000, 0x0000000094d80000, 0x00000000d5580000)
  object space 341504K, 99% used [0x0000000080000000,0x0000000094d3ea38,0x0000000094d80000)
 Metaspace       used 67094K, committed 68736K, reserved 1114112K
  class space    used 6853K, committed 7552K, reserved 1048576K
}
Event: 17.081 GC heap before
{Heap before GC invocations=563 (full 3):
 PSYoungGen      total 3584K, used 3200K [0x00000000d5580000, 0x00000000d5a00000, 0x0000000100000000)
  eden space 2560K, 100% used [0x00000000d5580000,0x00000000d5800000,0x00000000d5800000)
  from space 1024K, 62% used [0x00000000d5800000,0x00000000d58a0000,0x00000000d5900000)
  to   space 1024K, 0% used [0x00000000d5900000,0x00000000d5900000,0x00000000d5a00000)
 ParOldGen       total 341504K, used 341242K [0x0000000080000000, 0x0000000094d80000, 0x00000000d5580000)
  object space 341504K, 99% used [0x0000000080000000,0x0000000094d3ea38,0x0000000094d80000)
 Metaspace       used 67094K, committed 68736K, reserved 1114112K
  class space    used 6853K, committed 7552K, reserved 1048576K
}
Event: 17.082 GC heap after
{Heap after GC invocations=563 (full 3):
 PSYoungGen      total 3072K, used 416K [0x00000000d5580000, 0x00000000d5980000, 0x0000000100000000)
  eden space 2560K, 0% used [0x00000000d5580000,0x00000000d5580000,0x00000000d5800000)
  from space 512K, 81% used [0x00000000d5900000,0x00000000d5968000,0x00000000d5980000)
  to   space 512K, 0% used [0x00000000d5880000,0x00000000d5880000,0x00000000d5900000)
 ParOldGen       total 341504K, used 341450K [0x0000000080000000, 0x0000000094d80000, 0x00000000d5580000)
  object space 341504K, 99% used [0x0000000080000000,0x0000000094d72a38,0x0000000094d80000)
 Metaspace       used 67094K, committed 68736K, reserved 1114112K
  class space    used 6853K, committed 7552K, reserved 1048576K
}
Event: 17.090 GC heap before
{Heap before GC invocations=564 (full 3):
 PSYoungGen      total 3072K, used 2976K [0x00000000d5580000, 0x00000000d5980000, 0x0000000100000000)
  eden space 2560K, 100% used [0x00000000d5580000,0x00000000d5800000,0x00000000d5800000)
  from space 512K, 81% used [0x00000000d5900000,0x00000000d5968000,0x00000000d5980000)
  to   space 512K, 0% used [0x00000000d5880000,0x00000000d5880000,0x00000000d5900000)
 ParOldGen       total 341504K, used 341450K [0x0000000080000000, 0x0000000094d80000, 0x00000000d5580000)
  object space 341504K, 99% used [0x0000000080000000,0x0000000094d72a38,0x0000000094d80000)
 Metaspace       used 67094K, committed 68736K, reserved 1114112K
  class space    used 6853K, committed 7552K, reserved 1048576K
}
Event: 17.091 GC heap after
{Heap after GC invocations=564 (full 3):
 PSYoungGen      total 3072K, used 480K [0x00000000d5580000, 0x00000000d5980000, 0x0000000100000000)
  eden space 2560K, 0% used [0x00000000d5580000,0x00000000d5580000,0x00000000d5800000)
  from space 512K, 93% used [0x00000000d5880000,0x00000000d58f8000,0x00000000d5900000)
  to   space 512K, 0% used [0x00000000d5900000,0x00000000d5900000,0x00000000d5980000)
 ParOldGen       total 342016K, used 341602K [0x0000000080000000, 0x0000000094e00000, 0x00000000d5580000)
  object space 342016K, 99% used [0x0000000080000000,0x0000000094d98a38,0x0000000094e00000)
 Metaspace       used 67094K, committed 68736K, reserved 1114112K
  class space    used 6853K, committed 7552K, reserved 1048576K
}
Event: 17.105 GC heap before
{Heap before GC invocations=565 (full 3):
 PSYoungGen      total 3072K, used 3040K [0x00000000d5580000, 0x00000000d5980000, 0x0000000100000000)
  eden space 2560K, 100% used [0x00000000d5580000,0x00000000d5800000,0x00000000d5800000)
  from space 512K, 93% used [0x00000000d5880000,0x00000000d58f8000,0x00000000d5900000)
  to   space 512K, 0% used [0x00000000d5900000,0x00000000d5900000,0x00000000d5980000)
 ParOldGen       total 342016K, used 341602K [0x0000000080000000, 0x0000000094e00000, 0x00000000d5580000)
  object space 342016K, 99% used [0x0000000080000000,0x0000000094d98a38,0x0000000094e00000)
 Metaspace       used 67095K, committed 68736K, reserved 1114112K
  class space    used 6853K, committed 7552K, reserved 1048576K
}
Event: 17.108 GC heap after
{Heap after GC invocations=565 (full 3):
 PSYoungGen      total 3072K, used 512K [0x00000000d5580000, 0x00000000d5a00000, 0x0000000100000000)
  eden space 2560K, 0% used [0x00000000d5580000,0x00000000d5580000,0x00000000d5800000)
  from space 512K, 100% used [0x00000000d5900000,0x00000000d5980000,0x00000000d5980000)
  to   space 1024K, 0% used [0x00000000d5800000,0x00000000d5800000,0x00000000d5900000)
 ParOldGen       total 342016K, used 341834K [0x0000000080000000, 0x0000000094e00000, 0x00000000d5580000)
  object space 342016K, 99% used [0x0000000080000000,0x0000000094dd2a38,0x0000000094e00000)
 Metaspace       used 67095K, committed 68736K, reserved 1114112K
  class space    used 6853K, committed 7552K, reserved 1048576K
}
Event: 17.134 GC heap before
{Heap before GC invocations=566 (full 3):
 PSYoungGen      total 3072K, used 3072K [0x00000000d5580000, 0x00000000d5a00000, 0x0000000100000000)
  eden space 2560K, 100% used [0x00000000d5580000,0x00000000d5800000,0x00000000d5800000)
  from space 512K, 100% used [0x00000000d5900000,0x00000000d5980000,0x00000000d5980000)
  to   space 1024K, 0% used [0x00000000d5800000,0x00000000d5800000,0x00000000d5900000)
 ParOldGen       total 342016K, used 341834K [0x0000000080000000, 0x0000000094e00000, 0x00000000d5580000)
  object space 342016K, 99% used [0x0000000080000000,0x0000000094dd2a38,0x0000000094e00000)
 Metaspace       used 67096K, committed 68736K, reserved 1114112K
  class space    used 6853K, committed 7552K, reserved 1048576K
}
Event: 17.135 GC heap after
{Heap after GC invocations=566 (full 3):
 PSYoungGen      total 3584K, used 384K [0x00000000d5580000, 0x00000000d5a00000, 0x0000000100000000)
  eden space 2560K, 0% used [0x00000000d5580000,0x00000000d5580000,0x00000000d5800000)
  from space 1024K, 37% used [0x00000000d5800000,0x00000000d5860000,0x00000000d5900000)
  to   space 1024K, 0% used [0x00000000d5900000,0x00000000d5900000,0x00000000d5a00000)
 ParOldGen       total 342016K, used 341986K [0x0000000080000000, 0x0000000094e00000, 0x00000000d5580000)
  object space 342016K, 99% used [0x0000000080000000,0x0000000094df8a38,0x0000000094e00000)
 Metaspace       used 67096K, committed 68736K, reserved 1114112K
  class space    used 6853K, committed 7552K, reserved 1048576K
}
Event: 17.288 GC heap before
{Heap before GC invocations=567 (full 3):
 PSYoungGen      total 3584K, used 2942K [0x00000000d5580000, 0x00000000d5a00000, 0x0000000100000000)
  eden space 2560K, 99% used [0x00000000d5580000,0x00000000d57ff9c0,0x00000000d5800000)
  from space 1024K, 37% used [0x00000000d5800000,0x00000000d5860000,0x00000000d5900000)
  to   space 1024K, 0% used [0x00000000d5900000,0x00000000d5900000,0x00000000d5a00000)
 ParOldGen       total 342016K, used 341986K [0x0000000080000000, 0x0000000094e00000, 0x00000000d5580000)
  object space 342016K, 99% used [0x0000000080000000,0x0000000094df8a38,0x0000000094e00000)
 Metaspace       used 67096K, committed 68736K, reserved 1114112K
  class space    used 6853K, committed 7552K, reserved 1048576K
}

Dll operation events (11 events):
Event: 0.010 Loaded shared library C:\Program Files\Eclipse Adoptium\jdk-21.0.6.7-hotspot\bin\java.dll
Event: 0.050 Loaded shared library C:\Program Files\Eclipse Adoptium\jdk-21.0.6.7-hotspot\bin\jsvml.dll
Event: 0.102 Loaded shared library C:\Program Files\Eclipse Adoptium\jdk-21.0.6.7-hotspot\bin\zip.dll
Event: 0.105 Loaded shared library C:\Program Files\Eclipse Adoptium\jdk-21.0.6.7-hotspot\bin\instrument.dll
Event: 0.108 Loaded shared library C:\Program Files\Eclipse Adoptium\jdk-21.0.6.7-hotspot\bin\net.dll
Event: 0.109 Loaded shared library C:\Program Files\Eclipse Adoptium\jdk-21.0.6.7-hotspot\bin\nio.dll
Event: 0.111 Loaded shared library C:\Program Files\Eclipse Adoptium\jdk-21.0.6.7-hotspot\bin\zip.dll
Event: 0.123 Loaded shared library C:\Program Files\Eclipse Adoptium\jdk-21.0.6.7-hotspot\bin\jimage.dll
Event: 0.176 Loaded shared library C:\Program Files\Eclipse Adoptium\jdk-21.0.6.7-hotspot\bin\verify.dll
Event: 1.118 Loaded shared library C:\Users\franc\AppData\Roaming\Code\User\globalStorage\redhat.java\1.49.0\config_win\org.eclipse.equinox.launcher\org.eclipse.equinox.launcher.win32.win32.x86_64_1.2.1400.v20250801-0854\eclipse_11916.dll
Event: 2.333 Loaded shared library C:\Users\franc\AppData\Local\Temp\jna-97692042\jna920485737135906257.dll

Deoptimization events (20 events):
Event: 17.050 Thread 0x00000240d5ab3f20 DEOPT PACKING pc=0x000002408832cd88 sp=0x000000688bffd5c0
Event: 17.050 Thread 0x00000240d5ab3f20 DEOPT UNPACKING pc=0x00000240874a3aa2 sp=0x000000688bffd510 mode 2
Event: 17.050 Thread 0x00000240d5ab3f20 Uncommon trap: trap_request=0xffffffde fr.pc=0x00000240881edf20 relative=0x0000000000000a40
Event: 17.050 Thread 0x00000240d5ab3f20 Uncommon trap: reason=class_check action=maybe_recompile pc=0x00000240881edf20 method=java.util.WeakHashMap.matchesKey(Ljava/util/WeakHashMap$Entry;Ljava/lang/Object;)Z @ 21 c2
Event: 17.050 Thread 0x00000240d5ab3f20 DEOPT PACKING pc=0x00000240881edf20 sp=0x000000688bffd5c0
Event: 17.050 Thread 0x00000240d5ab3f20 DEOPT UNPACKING pc=0x00000240874a3aa2 sp=0x000000688bffd508 mode 2
Event: 17.067 Thread 0x00000240d0502880 Uncommon trap: trap_request=0xffffff45 fr.pc=0x00000240888bb6dc relative=0x0000000000001a1c
Event: 17.067 Thread 0x00000240d0502880 Uncommon trap: reason=unstable_if action=reinterpret pc=0x00000240888bb6dc method=org.apache.maven.model.interpolation.StringVisitorModelInterpolator$ModelVisitor.visit(Lorg/apache/maven/model/Dependency;)V @ 159 c2
Event: 17.067 Thread 0x00000240d0502880 DEOPT PACKING pc=0x00000240888bb6dc sp=0x000000688f2fe0b0
Event: 17.067 Thread 0x00000240d0502880 DEOPT UNPACKING pc=0x00000240874a3aa2 sp=0x000000688f2fe048 mode 2
Event: 17.067 Thread 0x00000240d0502880 Uncommon trap: trap_request=0xffffff45 fr.pc=0x000002408832c044 relative=0x00000000000000a4
Event: 17.067 Thread 0x00000240d0502880 Uncommon trap: reason=unstable_if action=reinterpret pc=0x000002408832c044 method=org.eclipse.aether.artifact.DefaultArtifact.mergeArtifactProperties(Ljava/util/Map;Ljava/util/Map;)Ljava/util/Map; @ 1 c2
Event: 17.067 Thread 0x00000240d0502880 DEOPT PACKING pc=0x000002408832c044 sp=0x000000688f2fe880
Event: 17.067 Thread 0x00000240d0502880 DEOPT UNPACKING pc=0x00000240874a3aa2 sp=0x000000688f2fe808 mode 2
Event: 17.077 Thread 0x00000240d04fe050 DEOPT PACKING pc=0x000002408229f145 sp=0x000000688f0fdd80
Event: 17.077 Thread 0x00000240d04fe050 DEOPT UNPACKING pc=0x00000240874a4242 sp=0x000000688f0fd398 mode 0
Event: 17.101 Thread 0x00000240d04fe6e0 Uncommon trap: trap_request=0xffffffbe fr.pc=0x00000240884020a4 relative=0x0000000000000e44
Event: 17.101 Thread 0x00000240d04fe6e0 Uncommon trap: reason=profile_predicate action=maybe_recompile pc=0x00000240884020a4 method=org.apache.maven.model.merge.MavenModelMerger.mergePlugin_Executions(Lorg/apache/maven/model/Plugin;Lorg/apache/maven/model/Plugin;ZLjava/util/Map;)V @ 148 c2
Event: 17.101 Thread 0x00000240d04fe6e0 DEOPT PACKING pc=0x00000240884020a4 sp=0x000000688f1fe250
Event: 17.101 Thread 0x00000240d04fe6e0 DEOPT UNPACKING pc=0x00000240874a3aa2 sp=0x000000688f1fe200 mode 2

Classes loaded (20 events):
Event: 11.185 Loading class java/nio/file/Files$2
Event: 11.185 Loading class java/nio/file/Files$2 done
Event: 11.544 Loading class java/util/Hashtable$ValueCollection
Event: 11.545 Loading class java/util/Hashtable$ValueCollection done
Event: 12.437 Loading class java/util/zip/CheckedInputStream
Event: 12.438 Loading class java/util/zip/CheckedInputStream done
Event: 15.123 Loading class java/util/stream/ReferencePipeline$4
Event: 15.124 Loading class java/util/stream/ReferencePipeline$4 done
Event: 15.125 Loading class java/util/stream/Nodes$IntFixedNodeBuilder
Event: 15.125 Loading class java/util/stream/Node$Builder$OfInt
Event: 15.125 Loading class java/util/stream/Node$Builder$OfInt done
Event: 15.125 Loading class java/util/stream/Nodes$IntArrayNode
Event: 15.126 Loading class java/util/stream/Nodes$IntArrayNode done
Event: 15.126 Loading class java/util/stream/Nodes$IntFixedNodeBuilder done
Event: 15.126 Loading class java/util/stream/ReferencePipeline$4$1
Event: 15.126 Loading class java/util/stream/ReferencePipeline$4$1 done
Event: 15.566 Loading class java/nio/BufferMismatch
Event: 15.566 Loading class java/nio/BufferMismatch done
Event: 15.613 Loading class java/util/ImmutableCollections$SubList
Event: 15.613 Loading class java/util/ImmutableCollections$SubList done

Classes unloaded (11 events):
Event: 2.726 Thread 0x00000240fd4d25e0 Unloading class 0x00000240901d4c00 'java/lang/invoke/LambdaForm$MH+0x00000240901d4c00'
Event: 2.726 Thread 0x00000240fd4d25e0 Unloading class 0x00000240901d4800 'java/lang/invoke/LambdaForm$MH+0x00000240901d4800'
Event: 2.726 Thread 0x00000240fd4d25e0 Unloading class 0x00000240901d4400 'java/lang/invoke/LambdaForm$MH+0x00000240901d4400'
Event: 2.726 Thread 0x00000240fd4d25e0 Unloading class 0x00000240901d4000 'java/lang/invoke/LambdaForm$MH+0x00000240901d4000'
Event: 2.726 Thread 0x00000240fd4d25e0 Unloading class 0x00000240901d3c00 'java/lang/invoke/LambdaForm$BMH+0x00000240901d3c00'
Event: 2.726 Thread 0x00000240fd4d25e0 Unloading class 0x00000240901d3800 'java/lang/invoke/LambdaForm$DMH+0x00000240901d3800'
Event: 2.726 Thread 0x00000240fd4d25e0 Unloading class 0x00000240901d2400 'java/lang/invoke/LambdaForm$DMH+0x00000240901d2400'
Event: 10.565 Thread 0x00000240fd4d25e0 Unloading class 0x0000024090619c00 'java/lang/invoke/LambdaForm$DMH+0x0000024090619c00'
Event: 10.565 Thread 0x00000240fd4d25e0 Unloading class 0x0000024090619800 'java/lang/invoke/LambdaForm$DMH+0x0000024090619800'
Event: 10.565 Thread 0x00000240fd4d25e0 Unloading class 0x0000024090619400 'java/lang/invoke/LambdaForm$DMH+0x0000024090619400'
Event: 10.565 Thread 0x00000240fd4d25e0 Unloading class 0x0000024090619000 'java/lang/invoke/LambdaForm$DMH+0x0000024090619000'

Classes redefined (0 events):
No events

Internal exceptions (20 events):
Event: 15.892 Thread 0x00000240d5ab3f20 Exception <a 'sun/nio/fs/WindowsException'{0x00000000d5670cf8}> (0x00000000d5670cf8) 
thrown [s\src\hotspot\share\prims\jni.cpp, line 520]
Event: 15.892 Thread 0x00000240d5ab3f20 Exception <a 'sun/nio/fs/WindowsException'{0x00000000d5671680}> (0x00000000d5671680) 
thrown [s\src\hotspot\share\prims\jni.cpp, line 520]
Event: 15.892 Thread 0x00000240d5ab3f20 Exception <a 'sun/nio/fs/WindowsException'{0x00000000d5672dd0}> (0x00000000d5672dd0) 
thrown [s\src\hotspot\share\prims\jni.cpp, line 520]
Event: 15.892 Thread 0x00000240d5ab3f20 Exception <a 'sun/nio/fs/WindowsException'{0x00000000d56734e0}> (0x00000000d56734e0) 
thrown [s\src\hotspot\share\prims\jni.cpp, line 520]
Event: 16.628 Thread 0x00000240d7789d50 Exception <a 'sun/nio/fs/WindowsException'{0x00000000d5756b68}> (0x00000000d5756b68) 
thrown [s\src\hotspot\share\prims\jni.cpp, line 520]
Event: 16.628 Thread 0x00000240d7789d50 Exception <a 'sun/nio/fs/WindowsException'{0x00000000d5839528}> (0x00000000d5839528) 
thrown [s\src\hotspot\share\prims\jni.cpp, line 520]
Event: 16.657 Thread 0x00000240d7789d50 Exception <a 'sun/nio/fs/WindowsException'{0x00000000d5646400}> (0x00000000d5646400) 
thrown [s\src\hotspot\share\prims\jni.cpp, line 520]
Event: 16.657 Thread 0x00000240d7789d50 Exception <a 'sun/nio/fs/WindowsException'{0x00000000d5646dc0}> (0x00000000d5646dc0) 
thrown [s\src\hotspot\share\prims\jni.cpp, line 520]
Event: 16.739 Thread 0x00000240d7789d50 Exception <a 'sun/nio/fs/WindowsException'{0x00000000d56f4030}> (0x00000000d56f4030) 
thrown [s\src\hotspot\share\prims\jni.cpp, line 520]
Event: 16.739 Thread 0x00000240d7789d50 Exception <a 'sun/nio/fs/WindowsException'{0x00000000d56f49f0}> (0x00000000d56f49f0) 
thrown [s\src\hotspot\share\prims\jni.cpp, line 520]
Event: 16.755 Thread 0x00000240d7789d50 Exception <a 'sun/nio/fs/WindowsException'{0x00000000d5590c18}> (0x00000000d5590c18) 
thrown [s\src\hotspot\share\prims\jni.cpp, line 520]
Event: 16.755 Thread 0x00000240d7789d50 Exception <a 'sun/nio/fs/WindowsException'{0x00000000d55915d8}> (0x00000000d55915d8) 
thrown [s\src\hotspot\share\prims\jni.cpp, line 520]
Event: 16.797 Thread 0x00000240d7789d50 Exception <a 'sun/nio/fs/WindowsException'{0x00000000d57d4b88}> (0x00000000d57d4b88) 
thrown [s\src\hotspot\share\prims\jni.cpp, line 520]
Event: 16.797 Thread 0x00000240d7789d50 Exception <a 'sun/nio/fs/WindowsException'{0x00000000d57d5548}> (0x00000000d57d5548) 
thrown [s\src\hotspot\share\prims\jni.cpp, line 520]
Event: 16.809 Thread 0x00000240d7789d50 Exception <a 'sun/nio/fs/WindowsException'{0x00000000d56d1078}> (0x00000000d56d1078) 
thrown [s\src\hotspot\share\prims\jni.cpp, line 520]
Event: 16.809 Thread 0x00000240d7789d50 Exception <a 'sun/nio/fs/WindowsException'{0x00000000d56d1a38}> (0x00000000d56d1a38) 
thrown [s\src\hotspot\share\prims\jni.cpp, line 520]
Event: 16.823 Thread 0x00000240d7789d50 Exception <a 'sun/nio/fs/WindowsException'{0x00000000d55c0890}> (0x00000000d55c0890) 
thrown [s\src\hotspot\share\prims\jni.cpp, line 520]
Event: 16.823 Thread 0x00000240d7789d50 Exception <a 'sun/nio/fs/WindowsException'{0x00000000d55c1250}> (0x00000000d55c1250) 
thrown [s\src\hotspot\share\prims\jni.cpp, line 520]
Event: 16.857 Thread 0x00000240d7789d50 Exception <a 'sun/nio/fs/WindowsException'{0x00000000d57e3030}> (0x00000000d57e3030) 
thrown [s\src\hotspot\share\prims\jni.cpp, line 520]
Event: 16.857 Thread 0x00000240d7789d50 Exception <a 'sun/nio/fs/WindowsException'{0x00000000d57e39f0}> (0x00000000d57e39f0) 
thrown [s\src\hotspot\share\prims\jni.cpp, line 520]

ZGC Phase Switch (0 events):
No events

VM Operations (20 events):
Event: 17.037 Executing VM operation: ParallelGCFailedAllocation (Allocation Failure) done
Event: 17.043 Executing VM operation: ParallelGCFailedAllocation (Allocation Failure)
Event: 17.045 Executing VM operation: ParallelGCFailedAllocation (Allocation Failure) done
Event: 17.051 Executing VM operation: ParallelGCFailedAllocation (Allocation Failure)
Event: 17.053 Executing VM operation: ParallelGCFailedAllocation (Allocation Failure) done
Event: 17.057 Executing VM operation: ParallelGCFailedAllocation (Allocation Failure)
Event: 17.059 Executing VM operation: ParallelGCFailedAllocation (Allocation Failure) done
Event: 17.065 Executing VM operation: ParallelGCFailedAllocation (Allocation Failure)
Event: 17.066 Executing VM operation: ParallelGCFailedAllocation (Allocation Failure) done
Event: 17.071 Executing VM operation: ParallelGCFailedAllocation (Allocation Failure)
Event: 17.073 Executing VM operation: ParallelGCFailedAllocation (Allocation Failure) done
Event: 17.081 Executing VM operation: ParallelGCFailedAllocation (Allocation Failure)
Event: 17.082 Executing VM operation: ParallelGCFailedAllocation (Allocation Failure) done
Event: 17.090 Executing VM operation: ParallelGCFailedAllocation (Allocation Failure)
Event: 17.091 Executing VM operation: ParallelGCFailedAllocation (Allocation Failure) done
Event: 17.105 Executing VM operation: ParallelGCFailedAllocation (Allocation Failure)
Event: 17.108 Executing VM operation: ParallelGCFailedAllocation (Allocation Failure) done
Event: 17.134 Executing VM operation: ParallelGCFailedAllocation (Allocation Failure)
Event: 17.135 Executing VM operation: ParallelGCFailedAllocation (Allocation Failure) done
Event: 17.288 Executing VM operation: ParallelGCFailedAllocation (Allocation Failure)

Memory protections (0 events):
No events

Nmethod flushes (20 events):
Event: 10.583 Thread 0x00000240fd4d25e0 flushing  nmethod 0x0000024080a10190
Event: 10.583 Thread 0x00000240fd4d25e0 flushing  nmethod 0x0000024080a11b10
Event: 10.583 Thread 0x00000240fd4d25e0 flushing  nmethod 0x0000024080a48410
Event: 10.583 Thread 0x00000240fd4d25e0 flushing  nmethod 0x0000024080a4b610
Event: 10.584 Thread 0x00000240fd4d25e0 flushing  nmethod 0x0000024080a4eb10
Event: 10.584 Thread 0x00000240fd4d25e0 flushing  nmethod 0x0000024080a69690
Event: 10.584 Thread 0x00000240fd4d25e0 flushing  nmethod 0x0000024080a69d90
Event: 10.584 Thread 0x00000240fd4d25e0 flushing  nmethod 0x0000024080a6a110
Event: 10.584 Thread 0x00000240fd4d25e0 flushing  nmethod 0x0000024080a6c490
Event: 10.584 Thread 0x00000240fd4d25e0 flushing  nmethod 0x0000024080a76790
Event: 10.584 Thread 0x00000240fd4d25e0 flushing  nmethod 0x0000024080a7a890
Event: 10.584 Thread 0x00000240fd4d25e0 flushing  nmethod 0x0000024080a98710
Event: 10.584 Thread 0x00000240fd4d25e0 flushing  nmethod 0x0000024080aa4490
Event: 10.584 Thread 0x00000240fd4d25e0 flushing osr nmethod 0x0000024080acdc90
Event: 10.584 Thread 0x00000240fd4d25e0 flushing  nmethod 0x0000024080ad9d10
Event: 10.584 Thread 0x00000240fd4d25e0 flushing  nmethod 0x0000024080ae3590
Event: 10.584 Thread 0x00000240fd4d25e0 flushing  nmethod 0x0000024080afd310
Event: 10.584 Thread 0x00000240fd4d25e0 flushing  nmethod 0x0000024080afee10
Event: 10.584 Thread 0x00000240fd4d25e0 flushing  nmethod 0x0000024080b09610
Event: 10.584 Thread 0x00000240fd4d25e0 flushing  nmethod 0x0000024080b0a710

Events (20 events):
Event: 15.317 Thread 0x00000240d5ab1e50 Thread added: 0x00000240d04fe050
Event: 15.317 Thread 0x00000240d5ab1e50 Thread added: 0x00000240d04fe6e0
Event: 15.348 Thread 0x00000240d04fe050 Thread exited: 0x00000240d04fe050
Event: 15.348 Thread 0x00000240d0500e40 Thread exited: 0x00000240d0500e40
Event: 15.349 Thread 0x00000240d05007b0 Thread exited: 0x00000240d05007b0
Event: 15.349 Thread 0x00000240d05014d0 Thread exited: 0x00000240d05014d0
Event: 15.349 Thread 0x00000240d04fe6e0 Thread exited: 0x00000240d04fe6e0
Event: 15.637 Thread 0x00000240d778ffc0 Thread added: 0x00000240d05007b0
Event: 15.842 Thread 0x00000240d7789d50 Thread added: 0x00000240d0500e40
Event: 15.842 Thread 0x00000240d0500e40 Thread exited: 0x00000240d0500e40
Event: 16.652 Thread 0x00000240d5ab3f20 Thread added: 0x00000240d05014d0
Event: 16.652 Thread 0x00000240d5ab3f20 Thread added: 0x00000240d04fe050
Event: 16.864 Thread 0x00000240d5ab3f20 Thread added: 0x00000240d04fe6e0
Event: 16.865 Thread 0x00000240d5ab3f20 Thread added: 0x00000240d0502880
Event: 16.865 Thread 0x00000240d5ab3f20 Thread added: 0x00000240d0502f10
Event: 17.132 Thread 0x00000240d0502880 Thread exited: 0x00000240d0502880
Event: 17.132 Thread 0x00000240d04fe050 Thread exited: 0x00000240d04fe050
Event: 17.132 Thread 0x00000240d05014d0 Thread exited: 0x00000240d05014d0
Event: 17.132 Thread 0x00000240d04fe6e0 Thread exited: 0x00000240d04fe6e0
Event: 17.132 Thread 0x00000240d0502f10 Thread exited: 0x00000240d0502f10


Dynamic libraries:
0x00007ff641c70000 - 0x00007ff641c7e000 	C:\Program Files\Eclipse Adoptium\jdk-21.0.6.7-hotspot\bin\java.exe
0x00007ffbcf440000 - 0x00007ffbcf6a8000 	C:\WINDOWS\SYSTEM32\ntdll.dll
0x00007ffbcf140000 - 0x00007ffbcf209000 	C:\WINDOWS\System32\KERNEL32.DLL
0x00007ffbccc20000 - 0x00007ffbcd018000 	C:\WINDOWS\System32\KERNELBASE.dll
0x00007ffbcc700000 - 0x00007ffbcc84b000 	C:\WINDOWS\System32\ucrtbase.dll
0x00007ffba5ec0000 - 0x00007ffba5ed8000 	C:\Program Files\Eclipse Adoptium\jdk-21.0.6.7-hotspot\bin\jli.dll
0x00007ffba3830000 - 0x00007ffba384e000 	C:\Program Files\Eclipse Adoptium\jdk-21.0.6.7-hotspot\bin\VCRUNTIME140.dll
0x00007ffbcd1e0000 - 0x00007ffbcd3a7000 	C:\WINDOWS\System32\USER32.dll
0x00007ffbaccb0000 - 0x00007ffbacf44000 	C:\WINDOWS\WinSxS\amd64_microsoft.windows.common-controls_6595b64144ccf1df_6.0.26100.7019_none_3e06ffa0e335b8a8\COMCTL32.dll
0x00007ffbccb30000 - 0x00007ffbccb57000 	C:\WINDOWS\System32\win32u.dll
0x00007ffbcd990000 - 0x00007ffbcda39000 	C:\WINDOWS\System32\msvcrt.dll
0x00007ffbcf2d0000 - 0x00007ffbcf2fb000 	C:\WINDOWS\System32\GDI32.dll
0x00007ffbcd020000 - 0x00007ffbcd14c000 	C:\WINDOWS\System32\gdi32full.dll
0x00007ffbcca80000 - 0x00007ffbccb23000 	C:\WINDOWS\System32\msvcp_win.dll
0x00007ffbcf210000 - 0x00007ffbcf241000 	C:\WINDOWS\System32\IMM32.DLL
0x00007ffbade00000 - 0x00007ffbade0c000 	C:\Program Files\Eclipse Adoptium\jdk-21.0.6.7-hotspot\bin\vcruntime140_1.dll
0x00007ffb6a250000 - 0x00007ffb6a2dd000 	C:\Program Files\Eclipse Adoptium\jdk-21.0.6.7-hotspot\bin\msvcp140.dll
0x00007ffb25db0000 - 0x00007ffb26b40000 	C:\Program Files\Eclipse Adoptium\jdk-21.0.6.7-hotspot\bin\server\jvm.dll
0x00007ffbcd470000 - 0x00007ffbcd524000 	C:\WINDOWS\System32\ADVAPI32.dll
0x00007ffbcd700000 - 0x00007ffbcd7a6000 	C:\WINDOWS\System32\sechost.dll
0x00007ffbcd7b0000 - 0x00007ffbcd8c8000 	C:\WINDOWS\System32\RPCRT4.dll
0x00007ffbcecf0000 - 0x00007ffbced64000 	C:\WINDOWS\System32\WS2_32.dll
0x00007ffbcc3f0000 - 0x00007ffbcc44e000 	C:\WINDOWS\SYSTEM32\POWRPROF.dll
0x00007ffbc3620000 - 0x00007ffbc362b000 	C:\WINDOWS\SYSTEM32\VERSION.dll
0x00007ffbc6d30000 - 0x00007ffbc6d65000 	C:\WINDOWS\SYSTEM32\WINMM.dll
0x00007ffbcc3d0000 - 0x00007ffbcc3e4000 	C:\WINDOWS\SYSTEM32\UMPDC.dll
0x00007ffbcb310000 - 0x00007ffbcb32b000 	C:\WINDOWS\SYSTEM32\kernel.appcore.dll
0x00007ffbadb60000 - 0x00007ffbadb6a000 	C:\Program Files\Eclipse Adoptium\jdk-21.0.6.7-hotspot\bin\jimage.dll
0x00007ffbc9bc0000 - 0x00007ffbc9e02000 	C:\WINDOWS\SYSTEM32\DBGHELP.DLL
0x00007ffbce960000 - 0x00007ffbceceb000 	C:\WINDOWS\System32\combase.dll
0x00007ffbcdef0000 - 0x00007ffbcdfc7000 	C:\WINDOWS\System32\OLEAUT32.dll
0x00007ffb97140000 - 0x00007ffb9717c000 	C:\WINDOWS\SYSTEM32\dbgcore.DLL
0x00007ffbcc9d0000 - 0x00007ffbcca75000 	C:\WINDOWS\System32\bcryptPrimitives.dll
0x00007ffbad030000 - 0x00007ffbad03f000 	C:\Program Files\Eclipse Adoptium\jdk-21.0.6.7-hotspot\bin\instrument.dll
0x00007ffb9da10000 - 0x00007ffb9da2f000 	C:\Program Files\Eclipse Adoptium\jdk-21.0.6.7-hotspot\bin\java.dll
0x00007ffbce200000 - 0x00007ffbce94f000 	C:\WINDOWS\System32\SHELL32.dll
0x00007ffbcc590000 - 0x00007ffbcc6fb000 	C:\WINDOWS\System32\wintypes.dll
0x00007ffbca170000 - 0x00007ffbca9cd000 	C:\WINDOWS\SYSTEM32\windows.storage.dll
0x00007ffbcf300000 - 0x00007ffbcf3f2000 	C:\WINDOWS\System32\SHCORE.dll
0x00007ffbcd530000 - 0x00007ffbcd597000 	C:\WINDOWS\System32\shlwapi.dll
0x00007ffbcc4b0000 - 0x00007ffbcc4d9000 	C:\WINDOWS\SYSTEM32\profapi.dll
0x00007ffb674d0000 - 0x00007ffb675a7000 	C:\Program Files\Eclipse Adoptium\jdk-21.0.6.7-hotspot\bin\jsvml.dll
0x00007ffb9ce70000 - 0x00007ffb9ce88000 	C:\Program Files\Eclipse Adoptium\jdk-21.0.6.7-hotspot\bin\zip.dll
0x00007ffbabda0000 - 0x00007ffbabdb0000 	C:\Program Files\Eclipse Adoptium\jdk-21.0.6.7-hotspot\bin\net.dll
0x00007ffbc4790000 - 0x00007ffbc48b8000 	C:\WINDOWS\SYSTEM32\WINHTTP.dll
0x00007ffbcb860000 - 0x00007ffbcb8cb000 	C:\WINDOWS\system32\mswsock.dll
0x00007ffb9ca80000 - 0x00007ffb9ca96000 	C:\Program Files\Eclipse Adoptium\jdk-21.0.6.7-hotspot\bin\nio.dll
0x00007ffbab550000 - 0x00007ffbab560000 	C:\Program Files\Eclipse Adoptium\jdk-21.0.6.7-hotspot\bin\verify.dll
0x00007ffb72fc0000 - 0x00007ffb73004000 	C:\Users\franc\AppData\Roaming\Code\User\globalStorage\redhat.java\1.49.0\config_win\org.eclipse.equinox.launcher\org.eclipse.equinox.launcher.win32.win32.x86_64_1.2.1400.v20250801-0854\eclipse_11916.dll
0x00007ffbce050000 - 0x00007ffbce1e7000 	C:\WINDOWS\System32\ole32.dll
0x00007ffbcbc50000 - 0x00007ffbcbc6b000 	C:\WINDOWS\SYSTEM32\CRYPTSP.dll
0x00007ffbcb270000 - 0x00007ffbcb2aa000 	C:\WINDOWS\system32\rsaenh.dll
0x00007ffbcb910000 - 0x00007ffbcb93b000 	C:\WINDOWS\SYSTEM32\USERENV.dll
0x00007ffbcc480000 - 0x00007ffbcc4aa000 	C:\WINDOWS\SYSTEM32\bcrypt.dll
0x00007ffbcbab0000 - 0x00007ffbcbabc000 	C:\WINDOWS\SYSTEM32\CRYPTBASE.dll
0x00007ffbcae50000 - 0x00007ffbcae84000 	C:\WINDOWS\SYSTEM32\IPHLPAPI.DLL
0x00007ffbce1f0000 - 0x00007ffbce1fa000 	C:\WINDOWS\System32\NSI.dll
0x00007ffb6dbc0000 - 0x00007ffb6dc09000 	C:\Users\franc\AppData\Local\Temp\jna-97692042\jna920485737135906257.dll
0x00007ffbcda40000 - 0x00007ffbcda48000 	C:\WINDOWS\System32\PSAPI.DLL
0x00007ffbc4500000 - 0x00007ffbc451e000 	C:\WINDOWS\SYSTEM32\dhcpcsvc6.DLL
0x00007ffbc4410000 - 0x00007ffbc4433000 	C:\WINDOWS\SYSTEM32\dhcpcsvc.DLL

dbghelp: loaded successfully - version: 4.0.5 - missing functions: none
symbol engine: initialized successfully - sym options: 0x614 - pdb path: .;C:\Program Files\Eclipse Adoptium\jdk-21.0.6.7-hotspot\bin;C:\WINDOWS\SYSTEM32;C:\WINDOWS\WinSxS\amd64_microsoft.windows.common-controls_6595b64144ccf1df_6.0.26100.7019_none_3e06ffa0e335b8a8;C:\Program Files\Eclipse Adoptium\jdk-21.0.6.7-hotspot\bin\server;C:\Users\franc\AppData\Roaming\Code\User\globalStorage\redhat.java\1.49.0\config_win\org.eclipse.equinox.launcher\org.eclipse.equinox.launcher.win32.win32.x86_64_1.2.1400.v20250801-0854;C:\Users\franc\AppData\Local\Temp\jna-97692042

VM Arguments:
jvm_args: --add-modules=ALL-SYSTEM --add-opens=java.base/java.util=ALL-UNNAMED --add-opens=java.base/java.lang=ALL-UNNAMED --add-opens=java.base/sun.nio.fs=ALL-UNNAMED -Declipse.application=org.eclipse.jdt.ls.core.id1 -Dosgi.bundles.defaultStartLevel=4 -Declipse.product=org.eclipse.jdt.ls.core.product -Djava.import.generatesMetadataFilesAtProjectRoot=false -DDetectVMInstallationsJob.disabled=true -Dfile.encoding=utf8 -XX:+UseParallelGC -XX:GCTimeRatio=4 -XX:AdaptiveSizePolicyWeight=90 -Dsun.zip.disableMemoryMapping=true -Xmx2G -Xms100m -Xlog:disable -javaagent:c:\Users\franc\.vscode\extensions\redhat.java-1.49.0\lombok\lombok-1.18.39-4050.jar -XX:+HeapDumpOnOutOfMemoryError -XX:HeapDumpPath=c:\Users\franc\AppData\Roaming\Code\User\workspaceStorage\96e3776c0f43b70e9391cc7f63dc91f6\redhat.java -Daether.dependencyCollector.impl=bf 
java_command: c:\Users\franc\.vscode\extensions\redhat.java-1.49.0\server\plugins\org.eclipse.equinox.launcher_1.7.100.v20251111-0406.jar -configuration c:\Users\franc\AppData\Roaming\Code\User\globalStorage\redhat.java\1.49.0\config_win -data c:\Users\franc\AppData\Roaming\Code\User\workspaceStorage\96e3776c0f43b70e9391cc7f63dc91f6\redhat.java\jdt_ws --pipe=\\.\pipe\lsp-f66e65f7470623e7dcf6fd5d3164fe50-sock
java_class_path (initial): c:\Users\franc\.vscode\extensions\redhat.java-1.49.0\server\plugins\org.eclipse.equinox.launcher_1.7.100.v20251111-0406.jar
Launcher Type: SUN_STANDARD

[Global flags]
    uintx AdaptiveSizePolicyWeight                 = 90                                        {product} {command line}
     intx CICompilerCount                          = 12                                        {product} {ergonomic}
    uintx GCTimeRatio                              = 4                                         {product} {command line}
     bool HeapDumpOnOutOfMemoryError               = true                                   {manageable} {command line}
    ccstr HeapDumpPath                             = c:\Users\franc\AppData\Roaming\Code\User\workspaceStorage\96e3776c0f43b70e9391cc7f63dc91f6\redhat.java         {manageable} {command line}
   size_t InitialHeapSize                          = 104857600                                 {product} {command line}
   size_t MaxHeapSize                              = 2147483648                                {product} {command line}
   size_t MaxNewSize                               = 715653120                                 {product} {ergonomic}
   size_t MinHeapDeltaBytes                        = 524288                                    {product} {ergonomic}
   size_t MinHeapSize                              = 104857600                                 {product} {command line}
   size_t NewSize                                  = 34603008                                  {product} {ergonomic}
    uintx NonNMethodCodeHeapSize                   = 7602480                                {pd product} {ergonomic}
    uintx NonProfiledCodeHeapSize                  = 122027880                              {pd product} {ergonomic}
   size_t OldSize                                  = 70254592                                  {product} {ergonomic}
    uintx ProfiledCodeHeapSize                     = 122027880                              {pd product} {ergonomic}
    uintx ReservedCodeCacheSize                    = 251658240                              {pd product} {ergonomic}
     bool SegmentedCodeCache                       = true                                      {product} {ergonomic}
   size_t SoftMaxHeapSize                          = 2147483648                             {manageable} {ergonomic}
     bool UseCompressedOops                        = true                           {product lp64_product} {ergonomic}
     bool UseLargePagesIndividualAllocation        = false                                  {pd product} {ergonomic}
     bool UseParallelGC                            = true                                      {product} {command line}

Logging:
Log output configuration:
 #0: stdout all=off uptime,level,tags foldmultilines=false
 #1: stderr all=off uptime,level,tags foldmultilines=false

Environment Variables:
PATH=C:\Program Files\Eclipse Adoptium\jdk-21.0.6.7-hotspot\bin;C:\WINDOWS\system32;C:\WINDOWS;C:\WINDOWS\System32\Wbem;C:\WINDOWS\System32\WindowsPowerShell\v1.0\;C:\WINDOWS\System32\OpenSSH\;C:\Program Files\Microsoft SQL Server\150\Tools\Binn\;C:\Program Files\Microsoft SQL Server\Client SDK\ODBC\170\Tools\Binn\;C:\Program Files\dotnet\;C:\Program Files (x86)\NVIDIA Corporation\PhysX\Common;C:\Program Files\Git\cmd;C:\Program Files\NVIDIA Corporation\NVIDIA app\NvDLISR;C:\Program Files (x86)\Microsoft SQL Server\160\DTS\Binn\;C:\Program Files\nodejs\;C:\Program Files (x86)\Microsoft SQL Server\160\Tools\Binn\;C:\Program Files\Microsoft SQL Server\160\Tools\Binn\;C:\Program Files\Microsoft SQL Server\160\DTS\Binn\;C:\Program Files\Docker\Docker\resources\bin;C:\Users\franc\AppData\Local\Microsoft\WindowsApps;C:\Users\franc\AppData\Local\GitHubDesktop\bin;C:\Users\franc\AppData\Local\Programs\Azure Data Studio\bin;C:\Users\franc\AppData\Local\Programs\Microsoft VS Code\bin;C:\Users\franc\AppData\Roaming\npm;C:\Users\franc\.dotnet\tools
USERNAME=franc
OS=Windows_NT
PROCESSOR_IDENTIFIER=Intel64 Family 6 Model 183 Stepping 1, GenuineIntel
TMP=C:\Users\franc\AppData\Local\Temp
TEMP=C:\Users\franc\AppData\Local\Temp




Periodic native trim disabled

---------------  S Y S T E M  ---------------

OS:
 Windows 11 , 64 bit Build 26100 (10.0.26100.7019)
OS uptime: 2 days 14:30 hours
Hyper-V role detected

CPU: total 16 (initial active 16) (8 cores per cpu, 2 threads per core) family 6 model 183 stepping 1 microcode 0x12f, cx8, cmov, fxsr, ht, mmx, 3dnowpref, sse, sse2, sse3, ssse3, sse4.1, sse4.2, popcnt, lzcnt, tsc, tscinvbit, avx, avx2, aes, erms, clmul, bmi1, bmi2, adx, sha, fma, vzeroupper, clflush, clflushopt, clwb, hv, serialize, rdtscp, rdpid, fsrm, f16c, cet_ibt, cet_ss
Processor Information for processor 0
  Max Mhz: 2400, Current Mhz: 2400, Mhz Limit: 2400
Processor Information for processor 1
  Max Mhz: 2400, Current Mhz: 1520, Mhz Limit: 2400
Processor Information for processor 2
  Max Mhz: 2400, Current Mhz: 2400, Mhz Limit: 2400
Processor Information for processor 3
  Max Mhz: 2400, Current Mhz: 1520, Mhz Limit: 2400
Processor Information for processor 4
  Max Mhz: 2400, Current Mhz: 2400, Mhz Limit: 2400
Processor Information for processor 5
  Max Mhz: 2400, Current Mhz: 2400, Mhz Limit: 2400
Processor Information for processor 6
  Max Mhz: 2400, Current Mhz: 2400, Mhz Limit: 2400
Processor Information for processor 7
  Max Mhz: 2400, Current Mhz: 2400, Mhz Limit: 2400
Processor Information for processor 8
  Max Mhz: 2400, Current Mhz: 2400, Mhz Limit: 2400
Processor Information for processor 9
  Max Mhz: 2400, Current Mhz: 2400, Mhz Limit: 2400
Processor Information for processor 10
  Max Mhz: 2400, Current Mhz: 1520, Mhz Limit: 2400
Processor Information for processor 11
  Max Mhz: 2400, Current Mhz: 2400, Mhz Limit: 2400
Processor Information for processor 12
  Max Mhz: 2400, Current Mhz: 1466, Mhz Limit: 2400
Processor Information for processor 13
  Max Mhz: 2400, Current Mhz: 2400, Mhz Limit: 2400
Processor Information for processor 14
  Max Mhz: 2400, Current Mhz: 1466, Mhz Limit: 2400
Processor Information for processor 15
  Max Mhz: 2400, Current Mhz: 2400, Mhz Limit: 2400

Memory: 4k page, system-wide physical 16068M (761M free)
TotalPageFile size 26068M (AvailPageFile size 10M)
current process WorkingSet (physical memory assigned to process): 659M, peak: 662M
current process commit charge ("private bytes"): 751M, peak: 753M

vm_info: OpenJDK 64-Bit Server VM (21.0.6+7-LTS) for windows-amd64 JRE (21.0.6+7-LTS), built on 2025-01-21T00:00:00Z by "admin" with MS VC++ 17.7 (VS2022)

END.
